18.5.2022, 22:50:26 - INFO - Server is running on port: 3030 
18.5.2022, 22:50:32 - INFO - user logged out 
18.5.2022, 22:50:38 - DEBUG - auth.service - login with username: muki 
18.5.2022, 22:50:38 - INFO - User login:  | {"_id":"6282958732a36c17e311f8cc","isAdmin":"true","username":"muki","fullname":"muki muki"} 
18.5.2022, 22:50:49 - DEBUG - Getting Toys 
18.5.2022, 22:54:42 - DEBUG - Getting Toys 
18.5.2022, 22:54:57 - DEBUG - Getting Toys 
18.5.2022, 22:55:33 - INFO - Server is running on port: 3030 
18.5.2022, 22:55:48 - DEBUG - Getting Toys 
18.5.2022, 22:56:00 - DEBUG - Getting Toys 
18.5.2022, 22:56:43 - INFO - Server is running on port: 3030 
18.5.2022, 22:56:53 - DEBUG - Getting Toys 
18.5.2022, 22:57:23 - INFO - Server is running on port: 3030 
18.5.2022, 22:57:32 - DEBUG - Getting Toys 
18.5.2022, 22:57:51 - INFO - Server is running on port: 3030 
18.5.2022, 23:02:59 - INFO - Server is running on port: 3030 
18.5.2022, 23:03:11 - DEBUG - Getting Toys 
18.5.2022, 23:03:33 - INFO - Server is running on port: 3030 
18.5.2022, 23:03:36 - DEBUG - Getting Toys 
18.5.2022, 23:03:44 - INFO - Server is running on port: 3030 
18.5.2022, 23:03:44 - DEBUG - Getting Toys 
18.5.2022, 23:04:29 - INFO - Server is running on port: 3030 
18.5.2022, 23:04:32 - DEBUG - Getting Toys 
18.5.2022, 23:04:55 - INFO - Server is running on port: 3030 
18.5.2022, 23:04:59 - DEBUG - Getting Toys 
18.5.2022, 23:04:59 - ERROR - cannot find toys | MongoError: BSON field 'skip' value must be >= 0, actual value '-7' 
18.5.2022, 23:04:59 - ERROR - Failed to get toys | MongoError: BSON field 'skip' value must be >= 0, actual value '-7' 
18.5.2022, 23:05:09 - INFO - Server is running on port: 3030 
18.5.2022, 23:05:19 - DEBUG - Getting Toys 
18.5.2022, 23:05:23 - DEBUG - Getting Toys 
